2022-01-27  7:12:22 0 [Note] InnoDB: Mutexes and rw_locks use Windows interlocked functions
2022-01-27  7:12:22 0 [Note] InnoDB: Uses event mutexes
2022-01-27  7:12:22 0 [Note] InnoDB: Compressed tables use zlib 1.2.11
2022-01-27  7:12:22 0 [Note] InnoDB: Number of pools: 1
2022-01-27  7:12:22 0 [Note] InnoDB: Using SSE2 crc32 instructions
2022-01-27  7:12:22 0 [Note] InnoDB: Initializing buffer pool, total size = 16M, instances = 1, chunk size = 16M
2022-01-27  7:12:22 0 [Note] InnoDB: Completed initialization of buffer pool
2022-01-27  7:12:22 0 [Note] InnoDB: Starting crash recovery from checkpoint LSN=300288
2022-01-27  7:12:23 0 [Note] InnoDB: 128 out of 128 rollback segments are active.
2022-01-27  7:12:23 0 [Note] InnoDB: Removed temporary tablespace data file: "ibtmp1"
2022-01-27  7:12:23 0 [Note] InnoDB: Creating shared tablespace for temporary tables
2022-01-27  7:12:23 0 [Note] InnoDB: Setting file 'C:\xampp\mysql\data\ibtmp1' size to 12 MB. Physically writing the file full; Please wait ...
2022-01-27  7:12:23 0 [Note] InnoDB: File 'C:\xampp\mysql\data\ibtmp1' size is now 12 MB.
2022-01-27  7:12:23 0 [Note] InnoDB: Waiting for purge to start
2022-01-27  7:12:23 0 [Note] InnoDB: 10.4.22 started; log sequence number 300297; transaction id 170
2022-01-27  7:12:23 0 [Note] InnoDB: Loading buffer pool(s) from C:\xampp\mysql\data\ib_buffer_pool
2022-01-27  7:12:23 0 [Note] Plugin 'FEEDBACK' is disabled.
2022-01-27  7:12:23 0 [Note] Server socket created on IP: '::'.
2022-01-27  7:122022-01-27  7:19:50 0 [Note] InnoDB: Mutexes and rw_locks use Windows interlocked functions
2022-01-27  7:19:50 0 [Note] InnoDB: Uses event mutexes
2022-01-27  7:19:50 0 [Note] InnoDB: Compressed tables use zlib 1.2.11
2022-01-27  7:19:50 0 [Note] InnoDB: Number of pools: 1
2022-01-27  7:19:50 0 [Note] InnoDB: Using SSE2 crc32 instructions
2022-01-27  7:19:50 0 [Note] InnoDB: Initializing buffer pool, total size = 16M, instances = 1, chunk size = 16M
2022-01-27  7:19:50 0 [Note] InnoDB: Completed initialization of buffer pool
2022-01-27  7:19:50 0 [Note] InnoDB: Starting crash recovery from checkpoint LSN=300306
2022-01-27  7:19:50 0 [Note] InnoDB: 128 out of 128 rollback segments are active.
2022-01-27  7:19:50 0 [Note] InnoDB: Removed temporary tablespace data file: "ibtmp1"
2022-01-27  7:19:50 0 [Note] InnoDB: Creating shared tablespace for temporary tables
2022-01-27  7:19:50 0 [Note] InnoDB: Setting file 'C:\xampp\mysql\data\ibtmp1' size to 12 MB. Physically writing the file full; Please wait ...
2022-01-27  7:19:50 0 [Note] InnoDB: File 'C:\xampp\mysql\data\ibtmp1' size is now 12 MB.
2022-01-27  7:19:50 0 [Note] InnoDB: Waiting for purge to start
2022-01-27  7:19:50 0 [Note] InnoDB: 10.4.22 started; log sequence number 300315; transaction id 170
2022-01-27  7:19:50 0 [Note] InnoDB: Loading buffer pool(s) from C:\xampp\mysql\data\ib_buffer_pool
2022-01-27  7:19:50 0 [Note] Plugin 'FEEDBACK' is disabled.
2022-01-27  7:19:50 0 [Note] Server socket created on IP: '::'.
2022-01-27  7:25:04 0 [Note] InnoDB: Mutexes and rw_locks use Windows interlocked functions
2022-01-27  7:25:04 0 [Note] InnoDB: Uses event mutexes
2022-01-27  7:25:04 0 [Note] InnoDB: Compressed tables use zlib 1.2.11
2022-01-27  7:25:04 0 [Note] InnoDB: Number of pools: 1
2022-01-27  7:25:04 0 [Note] InnoDB: Using SSE2 crc32 instructions
2022-01-27  7:25:04 0 [Note] InnoDB: Initializing buffer pool, total size = 16M, instances = 1, chunk size = 16M
2022-01-27  7:25:04 0 [Note] InnoDB: Completed initialization of buffer pool
2022-01-27  7:25:04 0 [Note] InnoDB: Starting crash recovery from checkpoint LSN=300324
2022-01-27  7:25:04 0 [Note] InnoDB: 128 out of 128 rollback segments are active.
2022-01-27  7:25:04 0 [Note] InnoDB: Removed temporary tablespace data file: "ibtmp1"
2022-01-27  7:25:04 0 [Note] InnoDB: Creating shared tablespace for temporary tables
2022-01-27  7:25:04 0 [Note] InnoDB: Setting file 'C:\xampp\mysql\data\ibtmp1' size to 12 MB. Physically writing the file full; Please wait ...
2022-01-27  7:25:04 0 [Note] InnoDB: File 'C:\xampp\mysql\data\ibtmp1' size is now 12 MB.
2022-01-27  7:25:04 0 [Note] InnoDB: Waiting for purge to start
2022-01-27  7:25:04 0 [Note] InnoDB: 10.4.22 started; log sequence number 300333; transaction id 170
2022-01-27  7:25:05 0 [Note] InnoDB: Loading buffer pool(s) from C:\xampp\mysql\data\ib_buffer_pool
2022-01-27  7:25:05 0 [Note] Plugin 'FEEDBACK' is disabled.
2022-01-27  7:25:05 0 [Note] Server socket created on IP: '::'.
2022-01-27  7:31:03 0 [Note] InnoDB: Mutexes and rw_locks use Windows interlocked functions
2022-01-27  7:31:03 0 [Note] InnoDB: Uses event mutexes
2022-01-27  7:31:03 0 [Note] InnoDB: Compressed tables use zlib 1.2.11
2022-01-27  7:31:03 0 [Note] InnoDB: Number of pools: 1
2022-01-27  7:31:03 0 [Note] InnoDB: Using SSE2 crc32 instructions
2022-01-27  7:31:03 0 [Note] InnoDB: Initializing buffer pool, total size = 16M, instances = 1, chunk size = 16M
2022-01-27  7:31:03 0 [Note] InnoDB: Completed initialization of buffer pool
2022-01-27  7:31:03 0 [Note] InnoDB: Starting crash recovery from checkpoint LSN=300342
2022-01-27  7:31:03 0 [Note] InnoDB: 128 out of 128 rollback segments are active.
2022-01-27  7:31:03 0 [Note] InnoDB: Removed temporary tablespace data file: "ibtmp1"
2022-01-27  7:31:03 0 [Note] InnoDB: Creating shared tablespace for temporary tables
2022-01-27  7:31:03 0 [Note] InnoDB: Setting file 'C:\xampp\mysql\data\ibtmp1' size to 12 MB. Physically writing the file full; Please wait ...
2022-01-27  7:31:03 0 [Note] InnoDB: File 'C:\xampp\mysql\data\ibtmp1' size is now 12 MB.
2022-01-27  7:31:03 0 [Note] InnoDB: Waiting for purge to start
2022-01-27  7:31:03 0 [Note] InnoDB: 10.4.22 started; log sequence number 300351; transaction id 170
2022-01-27  7:31:03 0 [Note] InnoDB: Loading buffer pool(s) from C:\xampp\mysql\data\ib_buffer_pool
2022-01-27  7:31:03 0 [Note] Plugin 'FEEDBACK' is disabled.
2022-01-27  7:31:03 0 [Note] Server socket created on IP: '::'.
2022-01-27  7:52:42 0 [Note] InnoDB: Mutexes and rw_locks use Windows interlocked functions
2022-01-27  7:52:42 0 [Note] InnoDB: Uses event mutexes
2022-01-27  7:52:42 0 [Note] InnoDB: Compressed tables use zlib 1.2.11
2022-01-27  7:52:42 0 [Note] InnoDB: Number of pools: 1
2022-01-27  7:52:42 0 [Note] InnoDB: Using SSE2 crc32 instructions
2022-01-27  7:52:42 0 [Note] InnoDB: Initializing buffer pool, total size = 16M, instances = 1, chunk size = 16M
2022-01-27  7:52:42 0 [Note] InnoDB: Completed initialization of buffer pool
2022-01-27  7:52:42 0 [Note] InnoDB: Starting crash recovery from checkpoint LSN=300692
2022-01-27  7:52:42 0 [Note] InnoDB: 128 out of 128 rollback segments are active.
2022-01-27  7:52:42 0 [Note] InnoDB: Removed temporary tablespace data file: "ibtmp1"
2022-01-27  7:52:42 0 [Note] InnoDB: Creating shared tablespace for temporary tables
2022-01-27  7:52:42 0 [Note] InnoDB: Setting file 'C:\xampp\mysql\data\ibtmp1' size to 12 MB. Physically writing the file full; Please wait ...
2022-01-27  7:52:42 0 [Note] InnoDB: File 'C:\xampp\mysql\data\ibtmp1' size is now 12 MB.
2022-01-27  7:52:42 0 [Note] InnoDB: Waiting for purge to start
2022-01-27  7:52:42 0 [Note] InnoDB: 10.4.22 started; log sequence number 300701; transaction id 193
2022-01-27  7:52:42 0 [Note] InnoDB: Loading buffer pool(s) from C:\xampp\mysql\data\ib_buffer_pool
2022-01-27  7:52:42 0 [Note] Plugin 'FEEDBACK' is disabled.
2022-01-27  7:52:42 0 [Note] Server socket created on IP: '::'.
2022-01-27  7:52:42 0 [Note] InnoDB:2022-01-27  7:59:54 0 [Note] InnoDB: Mutexes and rw_locks use Windows interlocked functions
2022-01-27  7:59:54 0 [Note] InnoDB: Uses event mutexes
2022-01-27  7:59:54 0 [Note] InnoDB: Compressed tables use zlib 1.2.11
2022-01-27  7:59:54 0 [Note] InnoDB: Number of pools: 1
2022-01-27  7:59:54 0 [Note] InnoDB: Using SSE2 crc32 instructions
2022-01-27  7:59:54 0 [Note] InnoDB: Initializing buffer pool, total size = 16M, instances = 1, chunk size = 16M
2022-01-27  7:59:54 0 [Note] InnoDB: Completed initialization of buffer pool
2022-01-27  7:59:54 0 [Note] InnoDB: Starting crash recovery from checkpoint LSN=300710
2022-01-27  7:59:55 0 [Note] InnoDB: 128 out of 128 rollback segments are active.
2022-01-27  7:59:55 0 [Note] InnoDB: Removed temporary tablespace data file: "ibtmp1"
2022-01-27  7:59:55 0 [Note] InnoDB: Creating shared tablespace for temporary tables
2022-01-27  7:59:55 0 [Note] InnoDB: Setting file 'C:\xampp\mysql\data\ibtmp1' size to 12 MB. Physically writing the file full; Please wait ...
2022-01-27  7:59:55 0 [Note] InnoDB: File 'C:\xampp\mysql\data\ibtmp1' size is now 12 MB.
2022-01-27  7:59:55 0 [Note] InnoDB: Waiting for purge to start
2022-01-27  7:59:55 3 [ERROR] InnoDB: Page [page id: space=16, page number=3] log sequence number 535063 is in the future! Current system log sequence number 300728.
2022-01-27  7:59:55 3 [ERROR] InnoDB: Your database may be corrupt or you may have copied the InnoDB tablespace but not the InnoDB log files. Please refer to https://mariadb.com/kb/en/library/innodb-recovery-modes/ for information about forcing recovery.
2022-01-27  7:59:55 4 [ERROR] InnoDB: Page [page id: space=2, page number=3] log sequence number 524869 is in the future! Current system log sequence number 300728.
2022-01-27  7:59:55 4 [ERROR] InnoDB: Your database may be corrupt or you may have copied the InnoDB tablespace but not the InnoDB log files. Please refer to https://mariadb.com/kb/en/library/innodb-recovery-modes/ for information about forcing recovery.
2022-01-27  7:59:55 1 [ERROR] InnoDB: Page [page id: space=1, page number=3] log sequence number 524889 is in the future! Current system log sequence number 300728.
2022-01-27  7:59:55 1 [ERROR] InnoDB: Your database may be corrupt or you may have copied the InnoDB tablespace but not the InnoDB log files. Please refer to https://mariadb.com/kb/en/library/innodb-recovery-modes/ for information about forcing recovery.
2022-01-27  7:59:55 0 [Note] InnoDB: 10.4.22 started; log sequence number 300719; transaction id 193
2022-01-27  7:59:55 0 [Note] InnoDB: Loading buffer pool(s) from C:\xampp\mysql\data\ib_buffer_pool
2022-01-27  7:59:55 0 [Note] Plugin 'FEEDBACK' is disabled.
2022-01-27  7:59:55 0 [Note] Server socket created on IP: '::'.
2022-01-27  7:59:55 0 [Note] InnoDB: Buffer pool(s) load com2022-01-27  8:27:30 0 [Note] InnoDB: Mutexes and rw_locks use Windows interlocked functions
2022-01-27  8:27:30 0 [Note] InnoDB: Uses event mutexes
2022-01-27  8:27:30 0 [Note] InnoDB: Compressed tables use zlib 1.2.11
2022-01-27  8:27:30 0 [Note] InnoDB: Number of pools: 1
2022-01-27  8:27:30 0 [Note] InnoDB: Using SSE2 crc32 instructions
2022-01-27  8:27:30 0 [Note] InnoDB: Initializing buffer pool, total size = 16M, instances = 1, chunk size = 16M
2022-01-27  8:27:30 0 [Note] InnoDB: Completed initialization of buffer pool
2022-01-27  8:27:30 0 [Note] InnoDB: Starting crash recovery from checkpoint LSN=521079
2022-01-27  8:27:30 0 [Note] InnoDB: 128 out of 128 rollback segments are active.
2022-01-27  8:27:30 0 [Note] InnoDB: Removed temporary tablespace data file: "ibtmp1"
2022-01-27  8:27:30 0 [Note] InnoDB: Creating shared tablespace for temporary tables
2022-01-27  8:27:30 0 [Note] InnoDB: Setting file 'C:\xampp\mysql\data\ibtmp1' size to 12 MB. Physically writing the file full; Please wait ...
2022-01-27  8:27:30 0 [Note] InnoDB: File 'C:\xampp\mysql\data\ibtmp1' size is now 12 MB.
2022-01-27  8:27:30 0 [Note] InnoDB: Waiting for purge to start
2022-01-27  8:27:30 0 [Note] InnoDB: 10.4.22 started; log sequence number 521088; transaction id 446
2022-01-27  8:27:30 0 [Note] InnoDB: Loading buffer pool(s) from C:\xampp\mysql\data\ib_buffer_pool
2022-01-27  8:27:30 0 [Note] Plugin 'FEEDBACK' is disabled.
2022-01-27  8:27:30 0 [Note] Server socket created on IP: '::'.
2022-01-27 16:36:14 0 [Note] InnoDB: Mutexes and rw_locks use Windows interlocked functions
2022-01-27 16:36:14 0 [Note] InnoDB: Uses event mutexes
2022-01-27 16:36:14 0 [Note] InnoDB: Compressed tables use zlib 1.2.11
2022-01-27 16:36:14 0 [Note] InnoDB: Number of pools: 1
2022-01-27 16:36:14 0 [Note] InnoDB: Using SSE2 crc32 instructions
2022-01-27 16:36:14 0 [Note] InnoDB: Initializing buffer pool, total size = 16M, instances = 1, chunk size = 16M
2022-01-27 16:36:14 0 [Note] InnoDB: Completed initialization of buffer pool
2022-01-27 16:36:14 0 [Note] InnoDB: Starting crash recovery from checkpoint LSN=636200
2022-01-27 16:36:14 0 [Note] InnoDB: 128 out of 128 rollback segments are active.
2022-01-27 16:36:14 0 [Note] InnoDB: Removed temporary tablespace data file: "ibtmp1"
2022-01-27 16:36:14 0 [Note] InnoDB: Creating shared tablespace for temporary tables
2022-01-27 16:36:14 0 [Note] InnoDB: Setting file 'C:\xampp\mysql\data\ibtmp1' size to 12 MB. Physically writing the file full; Please wait ...
2022-01-27 16:36:14 0 [Note] InnoDB: File 'C:\xampp\mysql\data\ibtmp1' size is now 12 MB.
2022-01-27 16:36:14 0 [Note] InnoDB: Waiting for purge to start
2022-01-27 16:36:14 0 [Note] InnoDB: 10.4.22 started; log sequence number 636209; transaction id 603
2022-01-27 16:36:14 0 [Note] InnoDB: Loading buffer pool(s) from C:\xampp\mysql\data\ib_buffer_pool
2022-01-27 16:36:14 0 [Note] Plugin 'FEEDBACK' is disabled.
2022-01-27 16:36:14 0 [Note] InnoDB: Buffer pool(s) load completed at 220127 16:36:14
2022-01-27 16:36:14 0 [Note] Server socket created on IP: '::'.
2022-01-28 18:05:18 0 [Note] InnoDB: Mutexes and rw_locks use Windows interlocked functions
2022-01-28 18:05:18 0 [Note] InnoDB: Uses event mutexes
2022-01-28 18:05:18 0 [Note] InnoDB: Compressed tables use zlib 1.2.11
2022-01-28 18:05:18 0 [Note] InnoDB: Number of pools: 1
2022-01-28 18:05:18 0 [Note] InnoDB: Using SSE2 crc32 instructions
2022-01-28 18:05:18 0 [Note] InnoDB: Initializing buffer pool, total size = 16M, instances = 1, chunk size = 16M
2022-01-28 18:05:18 0 [Note] InnoDB: Completed initialization of buffer pool
2022-01-28 18:05:18 0 [Note] InnoDB: Starting crash recovery from checkpoint LSN=636218
2022-01-28 18:05:19 0 [Note] InnoDB: 128 out of 128 rollback segments are active.
2022-01-28 18:05:19 0 [Note] InnoDB: Removed temporary tablespace data file: "ibtmp1"
2022-01-28 18:05:19 0 [Note] InnoDB: Creating shared tablespace for temporary tables
2022-01-28 18:05:19 0 [Note] InnoDB: Setting file 'C:\xampp\mysql\data\ibtmp1' size to 12 MB. Physically writing the file full; Please wait ...
2022-01-28 18:05:19 0 [Note] InnoDB: File 'C:\xampp\mysql\data\ibtmp1' size is now 12 MB.
2022-01-28 18:05:19 0 [Note] InnoDB: Waiting for purge to start
2022-01-28 18:05:19 0 [Note] InnoDB: 10.4.22 started; log sequence number 636227; transaction id 603
2022-01-28 18:05:19 0 [Note] InnoDB: Loading buffer pool(s) from C:\xampp\mysql\data\ib_buffer_pool
2022-01-28 18:05:19 0 [Note] Plugin 'FEEDBACK' is disabled.
2022-01-28 18:05:19 0 [Note] InnoDB: Buffer pool(s) load completed at 220128 18:05:19
2022-01-28 18:05:19 0 [Note] Server socket created on IP: '::'.
2022-02-03  7:54:22 0 [Note] InnoDB: Mutexes and rw_locks use Windows interlocked functions
2022-02-03  7:54:22 0 [Note] InnoDB: Uses event mutexes
2022-02-03  7:54:22 0 [Note] InnoDB: Compressed tables use zlib 1.2.11
2022-02-03  7:54:22 0 [Note] InnoDB: Number of pools: 1
2022-02-03  7:54:22 0 [Note] InnoDB: Using SSE2 crc32 instructions
2022-02-03  7:54:22 0 [Note] InnoDB: Initializing buffer pool, total size = 16M, instances = 1, chunk size = 16M
2022-02-03  7:54:22 0 [Note] InnoDB: Completed initialization of buffer pool
2022-02-03  7:54:22 0 [Note] InnoDB: Starting crash recovery from checkpoint LSN=636236
2022-02-03  7:54:22 0 [Note] InnoDB: 128 out of 128 rollback segments are active.
2022-02-03  7:54:22 0 [Note] InnoDB: Removed temporary tablespace data file: "ibtmp1"
2022-02-03  7:54:22 0 [Note] InnoDB: Creating shared tablespace for temporary tables
2022-02-03  7:54:22 0 [Note] InnoDB: Setting file 'C:\xampp\mysql\data\ibtmp1' size to 12 MB. Physically writing the file full; Please wait ...
2022-02-03  7:54:22 0 [Note] InnoDB: File 'C:\xampp\mysql\data\ibtmp1' size is now 12 MB.
2022-02-03  7:54:22 0 [Note] InnoDB: Waiting for purge to start
2022-02-03  7:54:22 0 [Note] InnoDB: 10.4.22 started; log sequence number 636245; transaction id 603
2022-02-03  7:54:22 0 [Note] InnoDB: Loading buffer pool(s) from C:\xampp\mysql\data\ib_buffer_pool
2022-02-03  7:54:22 0 [Note] Plugin 'FEEDBACK' is disabled.
2022-02-03  7:54:22 0 [Note] Server socket created on IP: '::'.
2022-02-03 14:31:11 0 [Note] InnoDB: Mutexes and rw_locks use Windows interlocked functions
2022-02-03 14:31:11 0 [Note] InnoDB: Uses event mutexes
2022-02-03 14:31:11 0 [Note] InnoDB: Compressed tables use zlib 1.2.11
2022-02-03 14:31:11 0 [Note] InnoDB: Number of pools: 1
2022-02-03 14:31:11 0 [Note] InnoDB: Using SSE2 crc32 instructions
2022-02-03 14:31:11 0 [Note] InnoDB: Initializing buffer pool, total size = 16M, instances = 1, chunk size = 16M
2022-02-03 14:31:11 0 [Note] InnoDB: Completed initialization of buffer pool
2022-02-03 14:31:11 0 [Note] InnoDB: Starting crash recovery from checkpoint LSN=747065
2022-02-03 14:31:11 0 [Note] InnoDB: 128 out of 128 rollback segments are active.
2022-02-03 14:31:11 0 [Note] InnoDB: Removed temporary tablespace data file: "ibtmp1"
2022-02-03 14:31:11 0 [Note] InnoDB: Creating shared tablespace for temporary tables
2022-02-03 14:31:11 0 [Note] InnoDB: Setting file 'C:\xampp\mysql\data\ibtmp1' size to 12 MB. Physically writing the file full; Please wait ...
2022-02-03 14:31:11 0 [Note] InnoDB: File 'C:\xampp\mysql\data\ibtmp1' size is now 12 MB.
2022-02-03 14:31:11 0 [Note] InnoDB: Waiting for purge to start
2022-02-03 14:31:11 0 [Note] InnoDB: 10.4.22 started; log sequence number 747074; transaction id 767
2022-02-03 14:31:11 0 [Note] InnoDB: Loading buffer pool(s) from C:\xampp\mysql\data\ib_buffer_pool
2022-02-03 14:31:11 0 [Note] Plugin 'FEEDBACK' is disabled.
2022-02-03 14:31:11 0 [Note] Server socket created on IP: '::'.
2022-02-04  9:57:10 0 [Note] InnoDB: Mutexes and rw_locks use Windows interlocked functions
2022-02-04  9:57:10 0 [Note] InnoDB: Uses event mutexes
2022-02-04  9:57:10 0 [Note] InnoDB: Compressed tables use zlib 1.2.11
2022-02-04  9:57:10 0 [Note] InnoDB: Number of pools: 1
2022-02-04  9:57:10 0 [Note] InnoDB: Using SSE2 crc32 instructions
2022-02-04  9:57:10 0 [Note] InnoDB: Initializing buffer pool, total size = 16M, instances = 1, chunk size = 16M
2022-02-04  9:57:10 0 [Note] InnoDB: Completed initialization of buffer pool
2022-02-04  9:57:10 0 [Note] InnoDB: Starting crash recovery from checkpoint LSN=747083
2022-02-04  9:57:11 0 [Note] InnoDB: 128 out of 128 rollback segments are active.
2022-02-04  9:57:11 0 [Note] InnoDB: Removed temporary tablespace data file: "ibtmp1"
2022-02-04  9:57:11 0 [Note] InnoDB: Creating shared tablespace for temporary tables
2022-02-04  9:57:11 0 [Note] InnoDB: Setting file 'C:\xampp\mysql\data\ibtmp1' size to 12 MB. Physically writing the file full; Please wait ...
2022-02-04  9:57:11 0 [Note] InnoDB: File 'C:\xampp\mysql\data\ibtmp1' size is now 12 MB.
2022-02-04  9:57:11 0 [Note] InnoDB: Waiting for purge to start
2022-02-04  9:57:11 0 [Note] InnoDB: 10.4.22 started; log sequence number 747092; transaction id 767
2022-02-04  9:57:11 0 [Note] InnoDB: Loading buffer pool(s) from C:\xampp\mysql\data\ib_buffer_pool
2022-02-04  9:57:11 0 [Note] Plugin 'FEEDBACK' is disabled.
2022-02-04  9:57:11 0 [Note] InnoDB: Buffer pool(s) load completed at 220204  9:57:11
2022-02-04  9:57:11 0 [Note] Server socket created on IP: '::'.
2022-02-04 11:53:44 0 [Note] InnoDB: Mutexes and rw_locks use Windows interlocked functions
2022-02-04 11:53:44 0 [Note] InnoDB: Uses event mutexes
2022-02-04 11:53:44 0 [Note] InnoDB: Compressed tables use zlib 1.2.11
2022-02-04 11:53:44 0 [Note] InnoDB: Number of pools: 1
2022-02-04 11:53:44 0 [Note] InnoDB: Using SSE2 crc32 instructions
2022-02-04 11:53:44 0 [Note] InnoDB: Initializing buffer pool, total size = 16M, instances = 1, chunk size = 16M
2022-02-04 11:53:44 0 [Note] InnoDB: Completed initialization of buffer pool
2022-02-04 11:53:44 0 [Note] InnoDB: Starting crash recovery from checkpoint LSN=884484
2022-02-04 11:53:44 0 [Note] InnoDB: 128 out of 128 rollback segments are active.
2022-02-04 11:53:44 0 [Note] InnoDB: Removed temporary tablespace data file: "ibtmp1"
2022-02-04 11:53:44 0 [Note] InnoDB: Creating shared tablespace for temporary tables
2022-02-04 11:53:44 0 [Note] InnoDB: Setting file 'C:\xampp\mysql\data\ibtmp1' size to 12 MB. Physically writing the file full; Please wait ...
2022-02-04 11:53:44 0 [Note] InnoDB: File 'C:\xampp\mysql\data\ibtmp1' size is now 12 MB.
2022-02-04 11:53:44 0 [Note] InnoDB: Waiting for purge to start
2022-02-04 11:53:44 0 [Note] InnoDB: 10.4.22 started; log sequence number 884493; transaction id 885
2022-02-04 11:53:44 0 [Note] InnoDB: Loading buffer pool(s) from C:\xampp\mysql\data\ib_buffer_pool
2022-02-04 11:53:44 0 [Note] Plugin 'FEEDBACK' is disabled.
2022-02-04 11:53:44 0 [Note] InnoDB: Buffer pool(s) load completed at 220204 11:53:44
2022-02-04 11:53:44 0 [Note] Server socket created on IP: '::'.
2022-02-04 13:36:15 0 [Note] mysqld.exe: Aria engine: starting recovery
recovered pages: 0% 10% 21% 32% 44% 56% 68% 82% 97% 100% (0.0 seconds); tables to flush: 17 16 15 14 13 12 11 10 9 8 7 6 5 4 3 2 1 0
 (0.1 seconds); 
2022-02-04 13:36:15 0 [Note] mysqld.exe: Aria engine: recovery done
2022-02-04 13:36:15 0 [Note] InnoDB: Mutexes and rw_locks use Windows interlocked functions
2022-02-04 13:36:15 0 [Note] InnoDB: Uses event mutexes
2022-02-04 13:36:15 0 [Note] InnoDB: Compressed tables use zlib 1.2.11
2022-02-04 13:36:15 0 [Note] InnoDB: Number of pools: 1
2022-02-04 13:36:15 0 [Note] InnoDB: Using SSE2 crc32 instructions
2022-02-04 13:36:15 0 [Note] InnoDB: Initializing buffer pool, total size = 16M, instances = 1, chunk size = 16M
2022-02-04 13:36:15 0 [Note] InnoDB: Completed initialization of buffer pool
2022-02-04 13:36:15 0 [Note] InnoDB: Starting crash recovery from checkpoint LSN=1723939
2022-02-04 13:36:16 0 [Note] InnoDB: 128 out of 128 rollback segments are active.
2022-02-04 13:36:16 0 [Note] InnoDB: Removed temporary tablespace data file: "ibtmp1"
2022-02-04 13:36:16 0 [Note] InnoDB: Creating shared tablespace for temporary tables
2022-02-04 13:36:16 0 [Note] InnoDB: Setting file 'C:\xampp\mysql\data\ibtmp1' size to 12 MB. Physically writing the file full; Please wait ...
2022-02-04 13:36:16 0 [Note] InnoDB: File 'C:\xampp\mysql\data\ibtmp1' size is now 12 MB.
2022-02-04 13:36:16 0 [Note] InnoDB: Waiting for purge to start
2022-02-04 13:36:16 0 [Note] InnoDB: 10.4.22 started; log sequence number 1723948; transaction id 1302
2022-02-04 13:36:16 0 [Note] InnoDB: Loading buffer pool(s) from C:\xampp\mysql\data\ib_buffer_pool
2022-02-04 13:36:16 0 [Note] Plugin 'FEEDBACK' is disabled.
2022-02-04 13:36:16 0 [Note] Zerofilling moved table:  '.\mysql\plugin'
2022-02-04 13:36:16 0 [Note] InnoDB: Buffer pool(s) load completed at 220204 13:36:16
2022-02-04 13:36:16 0 [Note] Zerofilling moved table:  '.\mysql\servers'
2022-02-04 13:36:16 0 [Note] Server socket created on IP: '::'.
2022-02-04 15:54:56 0 [Note] mysqld.exe: Aria engine: starting recovery
recovered pages: 0% 100% (0.0 seconds); tables to flush: 1 0
 (0.0 seconds); 
2022-02-04 15:54:56 0 [Note] mysqld.exe: Aria engine: recovery done
2022-02-04 15:54:56 0 [Note] InnoDB: Mutexes and rw_locks use Windows interlocked functions
2022-02-04 15:54:56 0 [Note] InnoDB: Uses event mutexes
2022-02-04 15:54:56 0 [Note] InnoDB: Compressed tables use zlib 1.2.11
2022-02-04 15:54:56 0 [Note] InnoDB: Number of pools: 1
2022-02-04 15:54:56 0 [Note] InnoDB: Using SSE2 crc32 instructions
2022-02-04 15:54:56 0 [Note] InnoDB: Initializing buffer pool, total size = 16M, instances = 1, chunk size = 16M
2022-02-04 15:54:56 0 [Note] InnoDB: Completed initialization of buffer pool
2022-02-04 15:54:56 0 [Note] InnoDB: Starting crash recovery from checkpoint LSN=1724366
2022-02-04 15:54:56 0 [Note] InnoDB: 128 out of 128 rollback segments are active.
2022-02-04 15:54:56 0 [Note] InnoDB: Removed temporary tablespace data file: "ibtmp1"
2022-02-04 15:54:56 0 [Note] InnoDB: Creating shared tablespace for temporary tables
2022-02-04 15:54:56 0 [Note] InnoDB: Setting file 'C:\xampp\mysql\data\ibtmp1' size to 12 MB. Physically writing the file full; Please wait ...
2022-02-04 15:54:56 0 [Note] InnoDB: File 'C:\xampp\mysql\data\ibtmp1' size is now 12 MB.
2022-02-04 15:54:56 0 [Note] InnoDB: Waiting for purge to start
2022-02-04 15:54:56 0 [Note] InnoDB: 10.4.22 started; log sequence number 1724375; transaction id 1308
2022-02-04 15:54:56 0 [Note] InnoDB: Loading buffer pool(s) from C:\xampp\mysql\data\ib_buffer_pool
2022-02-04 15:54:56 0 [Note] Plugin 'FEEDBACK' is disabled.
2022-02-04 15:54:56 0 [Note] Server socket created on IP: '::'.
2022-02-04 19:26:21 0 [Note] InnoDB: Mutexes and rw_locks use Windows interlocked functions
2022-02-04 19:26:21 0 [Note] InnoDB: Uses event mutexes
2022-02-04 19:26:21 0 [Note] InnoDB: Compressed tables use zlib 1.2.11
2022-02-04 19:26:21 0 [Note] InnoDB: Number of pools: 1
2022-02-04 19:26:21 0 [Note] InnoDB: Using SSE2 crc32 instructions
2022-02-04 19:26:21 0 [Note] InnoDB: Initializing buffer pool, total size = 16M, instances = 1, chunk size = 16M
2022-02-04 19:26:21 0 [Note] InnoDB: Completed initialization of buffer pool
2022-02-04 19:26:21 0 [Note] InnoDB: Starting crash recovery from checkpoint LSN=1727453
2022-02-04 19:26:21 0 [Note] InnoDB: 128 out of 128 rollback segments are active.
2022-02-04 19:26:21 0 [Note] InnoDB: Removed temporary tablespace data file: "ibtmp1"
2022-02-04 19:26:21 0 [Note] InnoDB: Creating shared tablespace for temporary tables
2022-02-04 19:26:21 0 [Note] InnoDB: Setting file 'C:\xampp\mysql\data\ibtmp1' size to 12 MB. Physically writing the file full; Please wait ...
2022-02-04 19:26:21 0 [Note] InnoDB: File 'C:\xampp\mysql\data\ibtmp1' size is now 12 MB.
2022-02-04 19:26:21 0 [Note] InnoDB: Waiting for purge to start
2022-02-04 19:26:21 0 [Note] InnoDB: 10.4.22 started; log sequence number 1727462; transaction id 1324
2022-02-04 19:26:21 0 [Note] Plugin 'FEEDBACK' is disabled.
2022-02-04 19:26:21 0 [Note] InnoDB: Loading buffer pool(s) from C:\xampp\mysql\data\ib_buffer_pool
2022-02-04 19:26:21 0 [Note] Server socket created on IP: '::'.
2022-02-04 19:26:21 0 [Note] InnoDB: Buffer pool(s) load completed at 220204 19:26:21
2022-02-08  7:43:59 0 [Note] InnoDB: Mutexes and rw_locks use Windows interlocked functions
2022-02-08  7:43:59 0 [Note] InnoDB: Uses event mutexes
2022-02-08  7:43:59 0 [Note] InnoDB: Compressed tables use zlib 1.2.11
2022-02-08  7:43:59 0 [Note] InnoDB: Number of pools: 1
2022-02-08  7:43:59 0 [Note] InnoDB: Using SSE2 crc32 instructions
2022-02-08  7:43:59 0 [Note] InnoDB: Initializing buffer pool, total size = 16M, instances = 1, chunk size = 16M
2022-02-08  7:43:59 0 [Note] InnoDB: Completed initialization of buffer pool
2022-02-08  7:43:59 0 [Note] InnoDB: Starting crash recovery from checkpoint LSN=1732272
2022-02-08  7:44:00 0 [Note] InnoDB: 128 out of 128 rollback segments are active.
2022-02-08  7:44:00 0 [Note] InnoDB: Removed temporary tablespace data file: "ibtmp1"
2022-02-08  7:44:00 0 [Note] InnoDB: Creating shared tablespace for temporary tables
2022-02-08  7:44:00 0 [Note] InnoDB: Setting file 'C:\xampp\mysql\data\ibtmp1' size to 12 MB. Physically writing the file full; Please wait ...
2022-02-08  7:44:00 0 [Note] InnoDB: File 'C:\xampp\mysql\data\ibtmp1' size is now 12 MB.
2022-02-08  7:44:00 0 [Note] InnoDB: Waiting for purge to start
2022-02-08  7:44:00 0 [Note] InnoDB: 10.4.22 started; log sequence number 1732281; transaction id 1341
2022-02-08  7:44:00 0 [Note] InnoDB: Loading buffer pool(s) from C:\xampp\mysql\data\ib_buffer_pool
2022-02-08  7:44:00 0 [Note] Plugin 'FEEDBACK' is disabled.
2022-02-08  7:44:00 0 [Note] InnoDB: Buffer pool(s) load completed at 220208  7:44:00
2022-02-08  7:44:00 0 [Note] Server socket created on IP: '::'.
2022-02-08  8:00:59 0 [Note] InnoDB: Mutexes and rw_locks use Windows interlocked functions
2022-02-08  8:00:59 0 [Note] InnoDB: Uses event mutexes
2022-02-08  8:00:59 0 [Note] InnoDB: Compressed tables use zlib 1.2.11
2022-02-08  8:00:59 0 [Note] InnoDB: Number of pools: 1
2022-02-08  8:00:59 0 [Note] InnoDB: Using SSE2 crc32 instructions
2022-02-08  8:00:59 0 [Note] InnoDB: Initializing buffer pool, total size = 16M, instances = 1, chunk size = 16M
2022-02-08  8:00:59 0 [Note] InnoDB: Completed initialization of buffer pool
2022-02-08  8:00:59 0 [Note] InnoDB: Starting crash recovery from checkpoint LSN=1732290
2022-02-08  8:00:59 0 [Note] InnoDB: 128 out of 128 rollback segments are active.
2022-02-08  8:00:59 0 [Note] InnoDB: Removed temporary tablespace data file: "ibtmp1"
2022-02-08  8:00:59 0 [Note] InnoDB: Creating shared tablespace for temporary tables
2022-02-08  8:00:59 0 [Note] InnoDB: Setting file 'C:\xampp\mysql\data\ibtmp1' size to 12 MB. Physically writing the file full; Please wait ...
2022-02-08  8:00:59 0 [Note] InnoDB: File 'C:\xampp\mysql\data\ibtmp1' size is now 12 MB.
2022-02-08  8:00:59 0 [Note] InnoDB: Waiting for purge to start
2022-02-08  8:00:59 0 [Note] InnoDB: 10.4.22 started; log sequence number 1732299; transaction id 1341
2022-02-08  8:00:59 0 [Note] InnoDB: Loading buffer pool(s) from C:\xampp\mysql\data\ib_buffer_pool
2022-02-08  8:00:59 0 [Note] Plugin 'FEEDBACK' is disabled.
2022-02-08  8:00:59 0 [Note] Server socket created on IP: '::'.
